# JRE version: OpenJDK Runtime Environment (8.0_112-b06) (build 1.8.0_112-release-b06)
# Java VM: OpenJDK 64-Bit Server VM (25.112-b06 mixed mode windows-amd64 compressed oops)
Heap:
 PSYoungGen      total 434688K, used 59769K [0x00000000e0000000, 0x0000000100000000, 0x0000000100000000)
  eden space 374784K, 0% used [0x00000000e0000000,0x00000000e0000000,0x00000000f6e00000)
  from space 59904K, 99% used [0x00000000f6e00000,0x00000000fa85e7b0,0x00000000fa880000)
  to   space 82432K, 0% used [0x00000000faf80000,0x00000000faf80000,0x0000000100000000)
 ParOldGen       total 183808K, used 178834K [0x00000000a0000000, 0x00000000ab380000, 0x00000000e0000000)
  object space 183808K, 97% used [0x00000000a0000000,0x00000000aaea4a18,0x00000000ab380000)
 Metaspace       used 84447K, capacity 90964K, committed 91096K, reserved 1128448K
  class space    used 10400K, capacity 11213K, committed 11224K, reserved 1048576K
GC Heap History (10 events):
Event: 22173.272 GC heap after
Heap after GC invocations=41 (full 4):
 PSYoungGen      total 444928K, used 4853K [0x00000000e0000000, 0x0000000100000000, 0x0000000100000000)
  eden space 391680K, 0% used [0x00000000e0000000,0x00000000e0000000,0x00000000f7e80000)
  from space 53248K, 9% used [0x00000000f7e80000,0x00000000f833d440,0x00000000fb280000)
  to   space 52224K, 0% used [0x00000000fcd00000,0x00000000fcd00000,0x0000000100000000)
 ParOldGen       total 183808K, used 117053K [0x00000000a0000000, 0x00000000ab380000, 0x00000000e0000000)
  object space 183808K, 63% used [0x00000000a0000000,0x00000000a724f7f0,0x00000000ab380000)
 Metaspace       used 82342K, capacity 88612K, committed 88920K, reserved 1126400K
  class space    used 10171K, capacity 10979K, committed 11096K, reserved 1048576K
}
Event: 22298.937 GC heap before
{Heap before GC invocations=42 (full 4):
 PSYoungGen      total 444928K, used 396480K [0x00000000e0000000, 0x0000000100000000, 0x0000000100000000)
  eden space 391680K, 99% used [0x00000000e0000000,0x00000000f7e72cb8,0x00000000f7e80000)
  from space 53248K, 9% used [0x00000000f7e80000,0x00000000f833d440,0x00000000fb280000)
  to   space 52224K, 0% used [0x00000000fcd00000,0x00000000fcd00000,0x0000000100000000)
 ParOldGen       total 183808K, used 117053K [0x00000000a0000000, 0x00000000ab380000, 0x00000000e0000000)
  object space 183808K, 63% used [0x00000000a0000000,0x00000000a724f7f0,0x00000000ab380000)
 Metaspace       used 82442K, capacity 88904K, committed 89176K, reserved 1128448K
  class space    used 10180K, capacity 10989K, committed 11096K, reserved 1048576K
Event: 22298.966 GC heap after
Heap after GC invocations=42 (full 4):
 PSYoungGen      total 470016K, used 30072K [0x00000000e0000000, 0x0000000100000000, 0x0000000100000000)
  eden space 417792K, 0% used [0x00000000e0000000,0x00000000e0000000,0x00000000f9800000)
  from space 52224K, 57% used [0x00000000fcd00000,0x00000000fea5e020,0x0000000100000000)
  to   space 53248K, 0% used [0x00000000f9800000,0x00000000f9800000,0x00000000fcc00000)
 ParOldGen       total 183808K, used 117518K [0x00000000a0000000, 0x00000000ab380000, 0x00000000e0000000)
  object space 183808K, 63% used [0x00000000a0000000,0x00000000a72c3810,0x00000000ab380000)
 Metaspace       used 82442K, capacity 88904K, committed 89176K, reserved 1128448K
  class space    used 10180K, capacity 10989K, committed 11096K, reserved 1048576K
}
Event: 22625.246 GC heap before
{Heap before GC invocations=43 (full 4):
 PSYoungGen      total 470016K, used 447864K [0x00000000e0000000, 0x0000000100000000, 0x0000000100000000)
  eden space 417792K, 100% used [0x00000000e0000000,0x00000000f9800000,0x00000000f9800000)
  from space 52224K, 57% used [0x00000000fcd00000,0x00000000fea5e020,0x0000000100000000)
  to   space 53248K, 0% used [0x00000000f9800000,0x00000000f9800000,0x00000000fcc00000)
 ParOldGen       total 183808K, used 117518K [0x00000000a0000000, 0x00000000ab380000, 0x00000000e0000000)
  object space 183808K, 63% used [0x00000000a0000000,0x00000000a72c3810,0x00000000ab380000)
 Metaspace       used 83417K, capacity 89932K, committed 90072K, reserved 1128448K
  class space    used 10290K, capacity 11101K, committed 11224K, reserved 1048576K
Event: 22625.851 GC heap after
Heap after GC invocations=43 (full 4):
 PSYoungGen      total 471040K, used 53218K [0x00000000e0000000, 0x0000000100000000, 0x0000000100000000)
  eden space 417792K, 0% used [0x00000000e0000000,0x00000000e0000000,0x00000000f9800000)
  from space 53248K, 99% used [0x00000000f9800000,0x00000000fcbf8828,0x00000000fcc00000)
  to   space 53248K, 0% used [0x00000000fcc00000,0x00000000fcc00000,0x0000000100000000)
 ParOldGen       total 183808K, used 121065K [0x00000000a0000000, 0x00000000ab380000, 0x00000000e0000000)
  object space 183808K, 65% used [0x00000000a0000000,0x00000000a763a7e0,0x00000000ab380000)
 Metaspace       used 83417K, capacity 89932K, committed 90072K, reserved 1128448K
  class space    used 10290K, capacity 11101K, committed 11224K, reserved 1048576K
}
Event: 22632.504 GC heap before
{Heap before GC invocations=44 (full 4):
 PSYoungGen      total 471040K, used 469018K [0x00000000e0000000, 0x0000000100000000, 0x0000000100000000)
  eden space 417792K, 99% used [0x00000000e0000000,0x00000000f960e0c8,0x00000000f9800000)
  from space 53248K, 99% used [0x00000000f9800000,0x00000000fcbf8828,0x00000000fcc00000)
  to   space 53248K, 0% used [0x00000000fcc00000,0x00000000fcc00000,0x0000000100000000)
 ParOldGen       total 183808K, used 121065K [0x00000000a0000000, 0x00000000ab380000, 0x00000000e0000000)
  object space 183808K, 65% used [0x00000000a0000000,0x00000000a763a7e0,0x00000000ab380000)
 Metaspace       used 83456K, capacity 89936K, committed 90072K, reserved 1128448K
  class space    used 10290K, capacity 11101K, committed 11224K, reserved 1048576K
Event: 22633.252 GC heap after
Heap after GC invocations=44 (full 4):
 PSYoungGen      total 428032K, used 53240K [0x00000000e0000000, 0x0000000100000000, 0x0000000100000000)
  eden space 374784K, 0% used [0x00000000e0000000,0x00000000e0000000,0x00000000f6e00000)
  from space 53248K, 99% used [0x00000000fcc00000,0x00000000ffffe230,0x0000000100000000)
  to   space 74752K, 0% used [0x00000000f6e00000,0x00000000f6e00000,0x00000000fb700000)
 ParOldGen       total 183808K, used 131335K [0x00000000a0000000, 0x00000000ab380000, 0x00000000e0000000)
  object space 183808K, 71% used [0x00000000a0000000,0x00000000a8041ef0,0x00000000ab380000)
 Metaspace       used 83456K, capacity 89936K, committed 90072K, reserved 1128448K
  class space    used 10290K, capacity 11101K, committed 11224K, reserved 1048576K
}
Event: 22756.070 GC heap before
{Heap before GC invocations=45 (full 4):
 PSYoungGen      total 428032K, used 428024K [0x00000000e0000000, 0x0000000100000000, 0x0000000100000000)
  eden space 374784K, 100% used [0x00000000e0000000,0x00000000f6e00000,0x00000000f6e00000)
  from space 53248K, 99% used [0x00000000fcc00000,0x00000000ffffe230,0x0000000100000000)
  to   space 74752K, 0% used [0x00000000f6e00000,0x00000000f6e00000,0x00000000fb700000)
 ParOldGen       total 183808K, used 131335K [0x00000000a0000000, 0x00000000ab380000, 0x00000000e0000000)
  object space 183808K, 71% used [0x00000000a0000000,0x00000000a8041ef0,0x00000000ab380000)
 Metaspace       used 84447K, capacity 90964K, committed 91096K, reserved 1128448K
  class space    used 10400K, capacity 11213K, committed 11224K, reserved 1048576K
Event: 22756.341 GC heap after
Heap after GC invocations=45 (full 4):
 PSYoungGen      total 434688K, used 59769K [0x00000000e0000000, 0x0000000100000000, 0x0000000100000000)
  eden space 374784K, 0% used [0x00000000e0000000,0x00000000e0000000,0x00000000f6e00000)
  from space 59904K, 99% used [0x00000000f6e00000,0x00000000fa85e7b0,0x00000000fa880000)
  to   space 82432K, 0% used [0x00000000faf80000,0x00000000faf80000,0x0000000100000000)
 ParOldGen       total 183808K, used 178834K [0x00000000a0000000, 0x00000000ab380000, 0x00000000e0000000)
  object space 183808K, 97% used [0x00000000a0000000,0x00000000aaea4a18,0x00000000ab380000)
 Metaspace       used 84447K, capacity 90964K, committed 91096K, reserved 1128448K
  class space    used 10400K, capacity 11213K, committed 11224K, reserved 1048576K
}
Event: 22756.372 GC heap before
{Heap before GC invocations=46 (full 5):
 PSYoungGen      total 434688K, used 59769K [0x00000000e0000000, 0x0000000100000000, 0x0000000100000000)
  eden space 374784K, 0% used [0x00000000e0000000,0x00000000e0000000,0x00000000f6e00000)
  from space 59904K, 99% used [0x00000000f6e00000,0x00000000fa85e7b0,0x00000000fa880000)
  to   space 82432K, 0% used [0x00000000faf80000,0x00000000faf80000,0x0000000100000000)
 ParOldGen       total 183808K, used 178834K [0x00000000a0000000, 0x00000000ab380000, 0x00000000e0000000)
  object space 183808K, 97% used [0x00000000a0000000,0x00000000aaea4a18,0x00000000ab380000)
 Metaspace       used 84447K, capacity 90964K, committed 91096K, reserved 1128448K
  class space    used 10400K, capacity 11213K, committed 11224K, reserved 1048576K

